<?xml version="1.0" encoding="UTF-8"?>
<!-- Generated by org.testng.reporters.JUnitXMLReporter -->
<testsuite ignored="0" hostname="LAPTOP-16QI022G" failures="0" tests="6" name="Default test" time="14.98" errors="0" timestamp="2025-07-19T16:04:50 IST">
  <testcase classname="api.test.DDTest" name="testPostuser" time="4.85"/>
  <testcase classname="api.test.DDTest" name="testPostuser" time="1.626"/>
  <testcase classname="api.test.DDTest" name="testPostuser" time="1.534"/>
  <testcase classname="api.test.DDTest" name="testDeleteUserByName" time="1.644"/>
  <testcase classname="api.test.DDTest" name="testDeleteUserByName" time="1.333"/>
  <testcase classname="api.test.DDTest" name="testDeleteUserByName" time="1.741"/>
</testsuite> <!-- Default test -->
