<?xml version="1.0" encoding="UTF-8"?>
<testng-results ignored="0" total="3" passed="3" failed="0" skipped="0">
  <reporter-output>
  </reporter-output>
  <suite started-at="2025-07-19T21:35:53 IST" name="PetSuite" finished-at="2025-07-19T21:36:02 IST" duration-ms="8658">
    <groups>
    </groups>
    <test started-at="2025-07-19T21:35:53 IST" name="PetTest" finished-at="2025-07-19T21:36:02 IST" duration-ms="8658">
      <class name="api.test.UserTests2">
        <test-method is-config="true" signature="setup()[pri:0, instance:api.test.UserTests2@6fb365ed]" started-at="2025-07-19T21:35:53 IST" name="setup" finished-at="2025-07-19T21:35:54 IST" duration-ms="265" status="PASS">
          <reporter-output>
          </reporter-output>
        </test-method> <!-- setup -->
        <test-method signature="testPostUser()[pri:1, instance:api.test.UserTests2@6fb365ed]" started-at="2025-07-19T21:35:54 IST" name="testPostUser" finished-at="2025-07-19T21:35:58 IST" duration-ms="4597" status="PASS">
          <reporter-output>
          </reporter-output>
        </test-method> <!-- testPostUser -->
        <test-method signature="testUpdateUserByName()[pri:3, instance:api.test.UserTests2@6fb365ed]" started-at="2025-07-19T21:35:58 IST" name="testUpdateUserByName" finished-at="2025-07-19T21:36:01 IST" duration-ms="2357" status="PASS">
          <reporter-output>
          </reporter-output>
        </test-method> <!-- testUpdateUserByName -->
        <test-method signature="testDeleteUserByName()[pri:4, instance:api.test.UserTests2@6fb365ed]" started-at="2025-07-19T21:36:01 IST" name="testDeleteUserByName" finished-at="2025-07-19T21:36:02 IST" duration-ms="1127" status="PASS">
          <reporter-output>
          </reporter-output>
        </test-method> <!-- testDeleteUserByName -->
      </class> <!-- api.test.UserTests2 -->
    </test> <!-- PetTest -->
  </suite> <!-- PetSuite -->
</testng-results>
