<?xml version="1.0" encoding="UTF-8"?>
<!-- Generated by org.testng.reporters.JUnitXMLReporter -->
<testsuite ignored="0" hostname="LAPTOP-16QI022G" failures="1" tests="3" name="PetTest" time="7.241" errors="0" timestamp="2025-07-19T20:55:53 IST">
  <testcase classname="api.test.UserTests2" name="testPostUser" time="3.051"/>
  <testcase classname="api.test.UserTests2" name="testUpdateUserByName" time="2.418">
    <failure type="java.lang.AssertionError" message="expected [200] but found [404]">
      <![CDATA[java.lang.AssertionError: expected [200] but found [404]
at api.test.UserTests2.testUpdateUserByName(UserTests2.java:154)
at java.base/java.util.ArrayList.forEach(ArrayList.java:1511)
... Removed 32 stack frames]]>
    </failure>
  </testcase> <!-- testUpdateUserByName -->
  <testcase classname="api.test.UserTests2" name="testDeleteUserByName" time="1.212"/>
</testsuite> <!-- PetTest -->
